<?xml version="1.0" encoding="UTF-8"?>
<!-- Generated by org.testng.reporters.JUnitXMLReporter -->
<testsuite hostname="DESKTOP-S6RI0TB" ignored="0" name="Test" tests="1" failures="1" timestamp="2022-02-06T04:39:41 PST" time="0.18" errors="0">
  <testcase name="credentials" time="0.0" classname="com.testng_features.Parameterized_Concept">
    <failure type="org.testng.TestNGException" message="
Parameter &amp;apos;password&amp;apos; is required by @Test on method credentials but has not been marked @Optional or defined
in C:\Users\sivam\eclipse-workspace\Maven_Project\parameterised.xml">
      <![CDATA[org.testng.TestNGException: 
Parameter 'password' is required by @Test on method credentials but has not been marked @Optional or defined
in C:\Users\sivam\eclipse-workspace\Maven_Project\parameterised.xml
at java.util.ArrayList.forEach(Unknown Source)
... Removed 26 stack frames]]>
    </failure>
  </testcase> <!-- credentials -->
</testsuite> <!-- Test -->
